Performing C SOURCE FILE Test COMPILER_SUPPORTS_UNKNOWN_WARNING_OPTION_FLAG failed with the following output:
Change Dir: /home/gcastelo/faculdade/5o_semestre/ALG2/TP2_Alg2/include/build/build/CMakeFiles/CMakeScratch/TryCompile-AHgRmL

Run Build Command(s):/usr/bin/make -f Makefile cmTC_8a53d/fast && /usr/bin/make  -f CMakeFiles/cmTC_8a53d.dir/build.make CMakeFiles/cmTC_8a53d.dir/build
make[1]: Entering directory '/home/gcastelo/faculdade/5o_semestre/ALG2/TP2_Alg2/include/build/build/CMakeFiles/CMakeScratch/TryCompile-AHgRmL'
Building C object CMakeFiles/cmTC_8a53d.dir/src.c.o
/usr/bin/cc -DCOMPILER_SUPPORTS_UNKNOWN_WARNING_OPTION_FLAG  -Wunknown-warning-option -o CMakeFiles/cmTC_8a53d.dir/src.c.o -c /home/gcastelo/faculdade/5o_semestre/ALG2/TP2_Alg2/include/build/build/CMakeFiles/CMakeScratch/TryCompile-AHgRmL/src.c
cc: error: unrecognized command line option '-Wunknown-warning-option'
make[1]: *** [CMakeFiles/cmTC_8a53d.dir/build.make:78: CMakeFiles/cmTC_8a53d.dir/src.c.o] Error 1
make[1]: Leaving directory '/home/gcastelo/faculdade/5o_semestre/ALG2/TP2_Alg2/include/build/build/CMakeFiles/CMakeScratch/TryCompile-AHgRmL'
make: *** [Makefile:127: cmTC_8a53d/fast] Error 2


Source file was:
int main(void) { return 0; }

Performing C SOURCE FILE Test CMAKE_HAVE_LIBC_PTHREAD failed with the following output:
Change Dir: /home/gcastelo/faculdade/5o_semestre/ALG2/TP2_Alg2/include/build/build/CMakeFiles/CMakeScratch/TryCompile-yR8MRK

Run Build Command(s):/usr/bin/make -f Makefile cmTC_8db2e/fast && /usr/bin/make  -f CMakeFiles/cmTC_8db2e.dir/build.make CMakeFiles/cmTC_8db2e.dir/build
make[1]: Entering directory '/home/gcastelo/faculdade/5o_semestre/ALG2/TP2_Alg2/include/build/build/CMakeFiles/CMakeScratch/TryCompile-yR8MRK'
Building C object CMakeFiles/cmTC_8db2e.dir/src.c.o
/usr/bin/cc -DCMAKE_HAVE_LIBC_PTHREAD  -std=gnu99 -o CMakeFiles/cmTC_8db2e.dir/src.c.o -c /home/gcastelo/faculdade/5o_semestre/ALG2/TP2_Alg2/include/build/build/CMakeFiles/CMakeScratch/TryCompile-yR8MRK/src.c
Linking C executable cmTC_8db2e
/usr/bin/cmake -E cmake_link_script CMakeFiles/cmTC_8db2e.dir/link.txt --verbose=1
/usr/bin/cc CMakeFiles/cmTC_8db2e.dir/src.c.o -o cmTC_8db2e 
/usr/bin/ld: CMakeFiles/cmTC_8db2e.dir/src.c.o: in function `main':
src.c:(.text+0x46): undefined reference to `pthread_create'
/usr/bin/ld: src.c:(.text+0x52): undefined reference to `pthread_detach'
/usr/bin/ld: src.c:(.text+0x5e): undefined reference to `pthread_cancel'
/usr/bin/ld: src.c:(.text+0x6f): undefined reference to `pthread_join'
collect2: error: ld returned 1 exit status
make[1]: *** [CMakeFiles/cmTC_8db2e.dir/build.make:99: cmTC_8db2e] Error 1
make[1]: Leaving directory '/home/gcastelo/faculdade/5o_semestre/ALG2/TP2_Alg2/include/build/build/CMakeFiles/CMakeScratch/TryCompile-yR8MRK'
make: *** [Makefile:127: cmTC_8db2e/fast] Error 2


Source file was:
#include <pthread.h>

static void* test_func(void* data)
{
  return data;
}

int main(void)
{
  pthread_t thread;
  pthread_create(&thread, NULL, test_func, NULL);
  pthread_detach(thread);
  pthread_cancel(thread);
  pthread_join(thread, NULL);
  pthread_atfork(NULL, NULL, NULL);
  pthread_exit(NULL);

  return 0;
}


Determining if the function pthread_create exists in the pthreads failed with the following output:
Change Dir: /home/gcastelo/faculdade/5o_semestre/ALG2/TP2_Alg2/include/build/build/CMakeFiles/CMakeScratch/TryCompile-g28CaK

Run Build Command(s):/usr/bin/make -f Makefile cmTC_08b60/fast && /usr/bin/make  -f CMakeFiles/cmTC_08b60.dir/build.make CMakeFiles/cmTC_08b60.dir/build
make[1]: Entering directory '/home/gcastelo/faculdade/5o_semestre/ALG2/TP2_Alg2/include/build/build/CMakeFiles/CMakeScratch/TryCompile-g28CaK'
Building C object CMakeFiles/cmTC_08b60.dir/CheckFunctionExists.c.o
/usr/bin/cc   -DCHECK_FUNCTION_EXISTS=pthread_create -std=gnu99 -o CMakeFiles/cmTC_08b60.dir/CheckFunctionExists.c.o -c /home/gcastelo/faculdade/5o_semestre/ALG2/TP2_Alg2/include/build/build/CMakeFiles/CMakeScratch/TryCompile-g28CaK/CheckFunctionExists.c
Linking C executable cmTC_08b60
/usr/bin/cmake -E cmake_link_script CMakeFiles/cmTC_08b60.dir/link.txt --verbose=1
/usr/bin/cc  -DCHECK_FUNCTION_EXISTS=pthread_create CMakeFiles/cmTC_08b60.dir/CheckFunctionExists.c.o -o cmTC_08b60  -lpthreads 
/usr/bin/ld: cannot find -lpthreads
collect2: error: ld returned 1 exit status
make[1]: *** [CMakeFiles/cmTC_08b60.dir/build.make:99: cmTC_08b60] Error 1
make[1]: Leaving directory '/home/gcastelo/faculdade/5o_semestre/ALG2/TP2_Alg2/include/build/build/CMakeFiles/CMakeScratch/TryCompile-g28CaK'
make: *** [Makefile:127: cmTC_08b60/fast] Error 2



Determining if the function sgemm_ exists failed with the following output:
Change Dir: /home/gcastelo/faculdade/5o_semestre/ALG2/TP2_Alg2/include/build/build/CMakeFiles/CMakeScratch/TryCompile-OlRWtN

Run Build Command(s):/usr/bin/make -f Makefile cmTC_54e13/fast && /usr/bin/make  -f CMakeFiles/cmTC_54e13.dir/build.make CMakeFiles/cmTC_54e13.dir/build
make[1]: Entering directory '/home/gcastelo/faculdade/5o_semestre/ALG2/TP2_Alg2/include/build/build/CMakeFiles/CMakeScratch/TryCompile-OlRWtN'
Building C object CMakeFiles/cmTC_54e13.dir/CheckFunctionExists.c.o
/usr/bin/cc   -DCHECK_FUNCTION_EXISTS=sgemm_ -std=gnu99 -o CMakeFiles/cmTC_54e13.dir/CheckFunctionExists.c.o -c /home/gcastelo/faculdade/5o_semestre/ALG2/TP2_Alg2/include/build/build/CMakeFiles/CMakeScratch/TryCompile-OlRWtN/CheckFunctionExists.c
Linking C executable cmTC_54e13
/usr/bin/cmake -E cmake_link_script CMakeFiles/cmTC_54e13.dir/link.txt --verbose=1
/usr/bin/cc  -DCHECK_FUNCTION_EXISTS=sgemm_ CMakeFiles/cmTC_54e13.dir/CheckFunctionExists.c.o -o cmTC_54e13 
/usr/bin/ld: CMakeFiles/cmTC_54e13.dir/CheckFunctionExists.c.o: in function `main':
CheckFunctionExists.c:(.text+0x14): undefined reference to `sgemm_'
collect2: error: ld returned 1 exit status
make[1]: *** [CMakeFiles/cmTC_54e13.dir/build.make:99: cmTC_54e13] Error 1
make[1]: Leaving directory '/home/gcastelo/faculdade/5o_semestre/ALG2/TP2_Alg2/include/build/build/CMakeFiles/CMakeScratch/TryCompile-OlRWtN'
make: *** [Makefile:127: cmTC_54e13/fast] Error 2



Determing location of ARPACK failed:
Libraries to link against: 

Determining if the sinh exist failed with the following output:
Change Dir: /home/gcastelo/faculdade/5o_semestre/ALG2/TP2_Alg2/include/build/build/CMakeFiles/CMakeScratch/TryCompile-JGo3rJ

Run Build Command(s):/usr/bin/make -f Makefile cmTC_a4274/fast && /usr/bin/make  -f CMakeFiles/cmTC_a4274.dir/build.make CMakeFiles/cmTC_a4274.dir/build
make[1]: Entering directory '/home/gcastelo/faculdade/5o_semestre/ALG2/TP2_Alg2/include/build/build/CMakeFiles/CMakeScratch/TryCompile-JGo3rJ'
Building C object CMakeFiles/cmTC_a4274.dir/CheckSymbolExists.c.o
/usr/bin/cc   -std=gnu99 -o CMakeFiles/cmTC_a4274.dir/CheckSymbolExists.c.o -c /home/gcastelo/faculdade/5o_semestre/ALG2/TP2_Alg2/include/build/build/CMakeFiles/CMakeScratch/TryCompile-JGo3rJ/CheckSymbolExists.c
Linking C executable cmTC_a4274
/usr/bin/cmake -E cmake_link_script CMakeFiles/cmTC_a4274.dir/link.txt --verbose=1
/usr/bin/cc CMakeFiles/cmTC_a4274.dir/CheckSymbolExists.c.o -o cmTC_a4274 
/usr/bin/ld: CMakeFiles/cmTC_a4274.dir/CheckSymbolExists.c.o: in function `main':
CheckSymbolExists.c:(.text+0x1f): undefined reference to `sinh'
collect2: error: ld returned 1 exit status
make[1]: *** [CMakeFiles/cmTC_a4274.dir/build.make:99: cmTC_a4274] Error 1
make[1]: Leaving directory '/home/gcastelo/faculdade/5o_semestre/ALG2/TP2_Alg2/include/build/build/CMakeFiles/CMakeScratch/TryCompile-JGo3rJ'
make: *** [Makefile:127: cmTC_a4274/fast] Error 2


File CheckSymbolExists.c:
/* */
#include <math.h>

int main(int argc, char** argv)
{
  (void)argv;
#ifndef sinh
  return ((int*)(&sinh))[argc];
#else
  (void)argc;
  return 0;
#endif
}
Determining if the _stricmp exist failed with the following output:
Change Dir: /home/gcastelo/faculdade/5o_semestre/ALG2/TP2_Alg2/include/build/build/CMakeFiles/CMakeScratch/TryCompile-jfgSfN

Run Build Command(s):/usr/bin/make -f Makefile cmTC_ecdaf/fast && /usr/bin/make  -f CMakeFiles/cmTC_ecdaf.dir/build.make CMakeFiles/cmTC_ecdaf.dir/build
make[1]: Entering directory '/home/gcastelo/faculdade/5o_semestre/ALG2/TP2_Alg2/include/build/build/CMakeFiles/CMakeScratch/TryCompile-jfgSfN'
Building C object CMakeFiles/cmTC_ecdaf.dir/CheckSymbolExists.c.o
/usr/bin/cc   -std=gnu99 -o CMakeFiles/cmTC_ecdaf.dir/CheckSymbolExists.c.o -c /home/gcastelo/faculdade/5o_semestre/ALG2/TP2_Alg2/include/build/build/CMakeFiles/CMakeScratch/TryCompile-jfgSfN/CheckSymbolExists.c
/home/gcastelo/faculdade/5o_semestre/ALG2/TP2_Alg2/include/build/build/CMakeFiles/CMakeScratch/TryCompile-jfgSfN/CheckSymbolExists.c: In function ‘main’:
/home/gcastelo/faculdade/5o_semestre/ALG2/TP2_Alg2/include/build/build/CMakeFiles/CMakeScratch/TryCompile-jfgSfN/CheckSymbolExists.c:8:19: error: ‘_stricmp’ undeclared (first use in this function); did you mean ‘strncmp’?
    8 |   return ((int*)(&_stricmp))[argc];
      |                   ^~~~~~~~
      |                   strncmp
/home/gcastelo/faculdade/5o_semestre/ALG2/TP2_Alg2/include/build/build/CMakeFiles/CMakeScratch/TryCompile-jfgSfN/CheckSymbolExists.c:8:19: note: each undeclared identifier is reported only once for each function it appears in
make[1]: *** [CMakeFiles/cmTC_ecdaf.dir/build.make:78: CMakeFiles/cmTC_ecdaf.dir/CheckSymbolExists.c.o] Error 1
make[1]: Leaving directory '/home/gcastelo/faculdade/5o_semestre/ALG2/TP2_Alg2/include/build/build/CMakeFiles/CMakeScratch/TryCompile-jfgSfN'
make: *** [Makefile:127: cmTC_ecdaf/fast] Error 2


File CheckSymbolExists.c:
/* */
#include <string.h>

int main(int argc, char** argv)
{
  (void)argv;
#ifndef _stricmp
  return ((int*)(&_stricmp))[argc];
#else
  (void)argc;
  return 0;
#endif
}
Determining if the _strnicmp exist failed with the following output:
Change Dir: /home/gcastelo/faculdade/5o_semestre/ALG2/TP2_Alg2/include/build/build/CMakeFiles/CMakeScratch/TryCompile-ImqQsJ

Run Build Command(s):/usr/bin/make -f Makefile cmTC_940ed/fast && /usr/bin/make  -f CMakeFiles/cmTC_940ed.dir/build.make CMakeFiles/cmTC_940ed.dir/build
make[1]: Entering directory '/home/gcastelo/faculdade/5o_semestre/ALG2/TP2_Alg2/include/build/build/CMakeFiles/CMakeScratch/TryCompile-ImqQsJ'
Building C object CMakeFiles/cmTC_940ed.dir/CheckSymbolExists.c.o
/usr/bin/cc   -std=gnu99 -o CMakeFiles/cmTC_940ed.dir/CheckSymbolExists.c.o -c /home/gcastelo/faculdade/5o_semestre/ALG2/TP2_Alg2/include/build/build/CMakeFiles/CMakeScratch/TryCompile-ImqQsJ/CheckSymbolExists.c
/home/gcastelo/faculdade/5o_semestre/ALG2/TP2_Alg2/include/build/build/CMakeFiles/CMakeScratch/TryCompile-ImqQsJ/CheckSymbolExists.c: In function ‘main’:
/home/gcastelo/faculdade/5o_semestre/ALG2/TP2_Alg2/include/build/build/CMakeFiles/CMakeScratch/TryCompile-ImqQsJ/CheckSymbolExists.c:8:19: error: ‘_strnicmp’ undeclared (first use in this function); did you mean ‘strncmp’?
    8 |   return ((int*)(&_strnicmp))[argc];
      |                   ^~~~~~~~~
      |                   strncmp
/home/gcastelo/faculdade/5o_semestre/ALG2/TP2_Alg2/include/build/build/CMakeFiles/CMakeScratch/TryCompile-ImqQsJ/CheckSymbolExists.c:8:19: note: each undeclared identifier is reported only once for each function it appears in
make[1]: *** [CMakeFiles/cmTC_940ed.dir/build.make:78: CMakeFiles/cmTC_940ed.dir/CheckSymbolExists.c.o] Error 1
make[1]: Leaving directory '/home/gcastelo/faculdade/5o_semestre/ALG2/TP2_Alg2/include/build/build/CMakeFiles/CMakeScratch/TryCompile-ImqQsJ'
make: *** [Makefile:127: cmTC_940ed/fast] Error 2


File CheckSymbolExists.c:
/* */
#include <string.h>

int main(int argc, char** argv)
{
  (void)argv;
#ifndef _strnicmp
  return ((int*)(&_strnicmp))[argc];
#else
  (void)argc;
  return 0;
#endif
}
Determining if files xlocale.h exist failed with the following output:
Change Dir: /home/gcastelo/faculdade/5o_semestre/ALG2/TP2_Alg2/include/build/build/CMakeFiles/CMakeScratch/TryCompile-whxVLL

Run Build Command(s):/usr/bin/make -f Makefile cmTC_5cbb8/fast && /usr/bin/make  -f CMakeFiles/cmTC_5cbb8.dir/build.make CMakeFiles/cmTC_5cbb8.dir/build
make[1]: Entering directory '/home/gcastelo/faculdade/5o_semestre/ALG2/TP2_Alg2/include/build/build/CMakeFiles/CMakeScratch/TryCompile-whxVLL'
Building C object CMakeFiles/cmTC_5cbb8.dir/HAVE_XLOCALE.c.o
/usr/bin/cc   -std=gnu99 -o CMakeFiles/cmTC_5cbb8.dir/HAVE_XLOCALE.c.o -c /home/gcastelo/faculdade/5o_semestre/ALG2/TP2_Alg2/include/build/build/CMakeFiles/CMakeScratch/TryCompile-whxVLL/HAVE_XLOCALE.c
/home/gcastelo/faculdade/5o_semestre/ALG2/TP2_Alg2/include/build/build/CMakeFiles/CMakeScratch/TryCompile-whxVLL/HAVE_XLOCALE.c:2:10: fatal error: xlocale.h: No such file or directory
    2 | #include <xlocale.h>
      |          ^~~~~~~~~~~
compilation terminated.
make[1]: *** [CMakeFiles/cmTC_5cbb8.dir/build.make:78: CMakeFiles/cmTC_5cbb8.dir/HAVE_XLOCALE.c.o] Error 1
make[1]: Leaving directory '/home/gcastelo/faculdade/5o_semestre/ALG2/TP2_Alg2/include/build/build/CMakeFiles/CMakeScratch/TryCompile-whxVLL'
make: *** [Makefile:127: cmTC_5cbb8/fast] Error 2


Source:
/* */
#include <xlocale.h>


int main(void){return 0;}

Determining if the _configthreadlocale exist failed with the following output:
Change Dir: /home/gcastelo/faculdade/5o_semestre/ALG2/TP2_Alg2/include/build/build/CMakeFiles/CMakeScratch/TryCompile-mKs8qK

Run Build Command(s):/usr/bin/make -f Makefile cmTC_bb957/fast && /usr/bin/make  -f CMakeFiles/cmTC_bb957.dir/build.make CMakeFiles/cmTC_bb957.dir/build
make[1]: Entering directory '/home/gcastelo/faculdade/5o_semestre/ALG2/TP2_Alg2/include/build/build/CMakeFiles/CMakeScratch/TryCompile-mKs8qK'
Building C object CMakeFiles/cmTC_bb957.dir/CheckSymbolExists.c.o
/usr/bin/cc   -std=gnu99 -o CMakeFiles/cmTC_bb957.dir/CheckSymbolExists.c.o -c /home/gcastelo/faculdade/5o_semestre/ALG2/TP2_Alg2/include/build/build/CMakeFiles/CMakeScratch/TryCompile-mKs8qK/CheckSymbolExists.c
/home/gcastelo/faculdade/5o_semestre/ALG2/TP2_Alg2/include/build/build/CMakeFiles/CMakeScratch/TryCompile-mKs8qK/CheckSymbolExists.c: In function ‘main’:
/home/gcastelo/faculdade/5o_semestre/ALG2/TP2_Alg2/include/build/build/CMakeFiles/CMakeScratch/TryCompile-mKs8qK/CheckSymbolExists.c:8:19: error: ‘_configthreadlocale’ undeclared (first use in this function)
    8 |   return ((int*)(&_configthreadlocale))[argc];
      |                   ^~~~~~~~~~~~~~~~~~~
/home/gcastelo/faculdade/5o_semestre/ALG2/TP2_Alg2/include/build/build/CMakeFiles/CMakeScratch/TryCompile-mKs8qK/CheckSymbolExists.c:8:19: note: each undeclared identifier is reported only once for each function it appears in
make[1]: *** [CMakeFiles/cmTC_bb957.dir/build.make:78: CMakeFiles/cmTC_bb957.dir/CheckSymbolExists.c.o] Error 1
make[1]: Leaving directory '/home/gcastelo/faculdade/5o_semestre/ALG2/TP2_Alg2/include/build/build/CMakeFiles/CMakeScratch/TryCompile-mKs8qK'
make: *** [Makefile:127: cmTC_bb957/fast] Error 2


File CheckSymbolExists.c:
/* */
#include <locale.h>

int main(int argc, char** argv)
{
  (void)argv;
#ifndef _configthreadlocale
  return ((int*)(&_configthreadlocale))[argc];
#else
  (void)argc;
  return 0;
#endif
}
Performing C++ SOURCE FILE Test HAVE__UMUL128 failed with the following output:
Change Dir: /home/gcastelo/faculdade/5o_semestre/ALG2/TP2_Alg2/include/build/build/CMakeFiles/CMakeScratch/TryCompile-5IXw2J

Run Build Command(s):/usr/bin/make -f Makefile cmTC_0098c/fast && /usr/bin/make  -f CMakeFiles/cmTC_0098c.dir/build.make CMakeFiles/cmTC_0098c.dir/build
make[1]: Entering directory '/home/gcastelo/faculdade/5o_semestre/ALG2/TP2_Alg2/include/build/build/CMakeFiles/CMakeScratch/TryCompile-5IXw2J'
Building CXX object CMakeFiles/cmTC_0098c.dir/src.cxx.o
/usr/bin/c++ -DHAVE__UMUL128  -std=gnu++11 -o CMakeFiles/cmTC_0098c.dir/src.cxx.o -c /home/gcastelo/faculdade/5o_semestre/ALG2/TP2_Alg2/include/build/build/CMakeFiles/CMakeScratch/TryCompile-5IXw2J/src.cxx
/home/gcastelo/faculdade/5o_semestre/ALG2/TP2_Alg2/include/build/build/CMakeFiles/CMakeScratch/TryCompile-5IXw2J/src.cxx:2:14: fatal error: intrin.h: No such file or directory
    2 |     #include <intrin.h>
      |              ^~~~~~~~~~
compilation terminated.
make[1]: *** [CMakeFiles/cmTC_0098c.dir/build.make:78: CMakeFiles/cmTC_0098c.dir/src.cxx.o] Error 1
make[1]: Leaving directory '/home/gcastelo/faculdade/5o_semestre/ALG2/TP2_Alg2/include/build/build/CMakeFiles/CMakeScratch/TryCompile-5IXw2J'
make: *** [Makefile:127: cmTC_0098c/fast] Error 2


Source file was:

    #include <intrin.h>

    int main(void) {
        unsigned long long a = 0, b = 0;
        unsigned long long c;
        volatile unsigned long long d;
        d = _umul128(a, b, &c);
        return 0;
    }
    

Performing C++ SOURCE FILE Test HAVE___UMULH failed with the following output:
Change Dir: /home/gcastelo/faculdade/5o_semestre/ALG2/TP2_Alg2/include/build/build/CMakeFiles/CMakeScratch/TryCompile-zpzt3J

Run Build Command(s):/usr/bin/make -f Makefile cmTC_3b41a/fast && /usr/bin/make  -f CMakeFiles/cmTC_3b41a.dir/build.make CMakeFiles/cmTC_3b41a.dir/build
make[1]: Entering directory '/home/gcastelo/faculdade/5o_semestre/ALG2/TP2_Alg2/include/build/build/CMakeFiles/CMakeScratch/TryCompile-zpzt3J'
Building CXX object CMakeFiles/cmTC_3b41a.dir/src.cxx.o
/usr/bin/c++ -DHAVE___UMULH  -std=gnu++11 -o CMakeFiles/cmTC_3b41a.dir/src.cxx.o -c /home/gcastelo/faculdade/5o_semestre/ALG2/TP2_Alg2/include/build/build/CMakeFiles/CMakeScratch/TryCompile-zpzt3J/src.cxx
/home/gcastelo/faculdade/5o_semestre/ALG2/TP2_Alg2/include/build/build/CMakeFiles/CMakeScratch/TryCompile-zpzt3J/src.cxx:2:14: fatal error: intrin.h: No such file or directory
    2 |     #include <intrin.h>
      |              ^~~~~~~~~~
compilation terminated.
make[1]: *** [CMakeFiles/cmTC_3b41a.dir/build.make:78: CMakeFiles/cmTC_3b41a.dir/src.cxx.o] Error 1
make[1]: Leaving directory '/home/gcastelo/faculdade/5o_semestre/ALG2/TP2_Alg2/include/build/build/CMakeFiles/CMakeScratch/TryCompile-zpzt3J'
make: *** [Makefile:127: cmTC_3b41a/fast] Error 2


Source file was:

    #include <intrin.h>

    int main(void) {
        unsigned long long a = 0, b = 0;
        volatile unsigned long long c;
        c = __umulh(a, b);
        return 0;
    }
    

Determining if the _LIBCPP_VERSION exist failed with the following output:
Change Dir: /home/gcastelo/faculdade/5o_semestre/ALG2/TP2_Alg2/include/build/build/CMakeFiles/CMakeScratch/TryCompile-K2ZbAJ

Run Build Command(s):/usr/bin/make -f Makefile cmTC_49a4e/fast && /usr/bin/make  -f CMakeFiles/cmTC_49a4e.dir/build.make CMakeFiles/cmTC_49a4e.dir/build
make[1]: Entering directory '/home/gcastelo/faculdade/5o_semestre/ALG2/TP2_Alg2/include/build/build/CMakeFiles/CMakeScratch/TryCompile-K2ZbAJ'
Building CXX object CMakeFiles/cmTC_49a4e.dir/CheckSymbolExists.cxx.o
/usr/bin/c++   -std=gnu++11 -o CMakeFiles/cmTC_49a4e.dir/CheckSymbolExists.cxx.o -c /home/gcastelo/faculdade/5o_semestre/ALG2/TP2_Alg2/include/build/build/CMakeFiles/CMakeScratch/TryCompile-K2ZbAJ/CheckSymbolExists.cxx
/home/gcastelo/faculdade/5o_semestre/ALG2/TP2_Alg2/include/build/build/CMakeFiles/CMakeScratch/TryCompile-K2ZbAJ/CheckSymbolExists.cxx: In function ‘int main(int, char**)’:
/home/gcastelo/faculdade/5o_semestre/ALG2/TP2_Alg2/include/build/build/CMakeFiles/CMakeScratch/TryCompile-K2ZbAJ/CheckSymbolExists.cxx:8:19: error: ‘_LIBCPP_VERSION’ was not declared in this scope
    8 |   return ((int*)(&_LIBCPP_VERSION))[argc];
      |                   ^~~~~~~~~~~~~~~
make[1]: *** [CMakeFiles/cmTC_49a4e.dir/build.make:78: CMakeFiles/cmTC_49a4e.dir/CheckSymbolExists.cxx.o] Error 1
make[1]: Leaving directory '/home/gcastelo/faculdade/5o_semestre/ALG2/TP2_Alg2/include/build/build/CMakeFiles/CMakeScratch/TryCompile-K2ZbAJ'
make: *** [Makefile:127: cmTC_49a4e/fast] Error 2


File CheckSymbolExists.cxx:
/* */
#include <vector>

int main(int argc, char** argv)
{
  (void)argv;
#ifndef _LIBCPP_VERSION
  return ((int*)(&_LIBCPP_VERSION))[argc];
#else
  (void)argc;
  return 0;
#endif
}
